<?xml version="1.0" encoding="UTF-8"?>
<!-- Generated by org.testng.reporters.JUnitXMLReporter -->
<testsuite ignored="0" hostname="DESKTOP-03HQKCE" failures="0" tests="3" name="Default test" time="3.096" errors="0" timestamp="2026-07-08T08:42:25 IST">
  <testcase classname="parameters.Parameterised_login_multi" name="logintest" time="0.128"/>
  <testcase classname="parameters.Parameterised_login_multi" name="logintest" time="0.099"/>
  <testcase classname="parameters.Parameterised_login_multi" name="logintest" time="0.095"/>
</testsuite> <!-- Default test -->
