<?xml version="1.0" encoding="UTF-8"?>
<!-- Generated by org.testng.reporters.JUnitReportReporter -->
<testsuite hostname="DESKTOP-03HQKCE" failures="0" tests="8" name="FrameworkEx.Ex2.KeywordEx1" time="13.958" errors="0" timestamp="2026-07-15T08:51:28 IST" skipped="0">
  <testcase classname="FrameworkEx.Ex2.KeywordEx1" name="test" time="2.070"/>
  <system-out/>
  <testcase classname="FrameworkEx.Ex2.KeywordEx1" name="test" time="2.048"/>
  <system-out/>
  <testcase classname="FrameworkEx.Ex2.KeywordEx1" name="test" time="2.357"/>
  <system-out/>
  <testcase classname="FrameworkEx.Ex2.KeywordEx1" name="test" time="1.186"/>
  <system-out/>
  <testcase classname="FrameworkEx.Ex2.KeywordEx1" name="test" time="2.050"/>
  <system-out/>
  <testcase classname="FrameworkEx.Ex2.KeywordEx1" name="test" time="2.098"/>
  <system-out/>
  <testcase classname="FrameworkEx.Ex2.KeywordEx1" name="test" time="2.055"/>
  <system-out/>
  <testcase classname="FrameworkEx.Ex2.KeywordEx1" name="test" time="0.094"/>
  <system-out/>
</testsuite> <!-- FrameworkEx.Ex2.KeywordEx1 -->
