<?xml version="1.0" encoding="UTF-8"?>
<!-- Generated by org.testng.reporters.JUnitReportReporter -->
<testsuite hostname="DESKTOP-03HQKCE" failures="0" tests="5" name="org.unit.MyTestngEx.Abcd" time="0.012" errors="0" timestamp="2026-06-26T08:47:02 IST" skipped="0">
  <testcase classname="org.unit.MyTestngEx.Abcd" name="a2" time="0.001"/>
  <testcase classname="org.unit.MyTestngEx.Abcd" name="a4" time="0.002"/>
  <testcase classname="org.unit.MyTestngEx.Abcd" name="a3" time="0.001"/>
  <testcase classname="org.unit.MyTestngEx.Abcd" name="a1" time="0.007"/>
  <testcase classname="org.unit.MyTestngEx.Abcd" name="a5" time="0.001"/>
</testsuite> <!-- org.unit.MyTestngEx.Abcd -->
