<?xml version="1.0" encoding="UTF-8"?>
<!-- Generated by org.testng.reporters.JUnitReportReporter -->
<testsuite hostname="DESKTOP-03HQKCE" failures="0" tests="3" name="parameters.Parameterised_login_multi" time="0.322" errors="0" timestamp="2026-07-08T08:42:26 IST" skipped="0">
  <testcase classname="parameters.Parameterised_login_multi" name="logintest" time="0.128"/>
  <testcase classname="parameters.Parameterised_login_multi" name="logintest" time="0.099"/>
  <testcase classname="parameters.Parameterised_login_multi" name="logintest" time="0.095"/>
</testsuite> <!-- parameters.Parameterised_login_multi -->
