<?xml version="1.0" encoding="UTF-8"?>
<!-- Generated by org.testng.reporters.JUnitReportReporter -->
<testsuite hostname="DESKTOP-03HQKCE" failures="0" tests="4" name="basic.Newtest1" time="0.010" errors="0" timestamp="2026-07-08T08:27:19 IST" skipped="0">
  <testcase classname="basic.Newtest1" name="login" time="0.007"/>
  <testcase classname="basic.Newtest1" name="alpha" time="0.001"/>
  <testcase classname="basic.Newtest1" name="home" time="0.001"/>
  <testcase classname="basic.Newtest1" name="test1" time="0.001"/>
</testsuite> <!-- basic.Newtest1 -->
