<?xml version="1.0" encoding="UTF-8"?>
<testng-results ignored="0" total="8" passed="8" failed="0" skipped="0">
  <reporter-output>
  </reporter-output>
  <suite started-at="2026-07-15T08:51:13 IST" name="Default suite" finished-at="2026-07-15T08:51:28 IST" duration-ms="14477">
    <groups>
    </groups>
    <test started-at="2026-07-15T08:51:13 IST" name="Default test" finished-at="2026-07-15T08:51:28 IST" duration-ms="14477">
      <class name="FrameworkEx.Ex2.KeywordEx1">
        <test-method signature="test(java.lang.String)[pri:0, instance:FrameworkEx.Ex2.KeywordEx1@459e9125]" started-at="2026-07-15T08:51:14 IST" name="test" data-provider="tops" finished-at="2026-07-15T08:51:15 IST" duration-ms="1186" status="PASS">
          <params>
            <param index="0">
              <value>
                <![CDATA[open browser]]>
              </value>
            </param>
          </params>
          <reporter-output>
          </reporter-output>
        </test-method> <!-- test -->
        <test-method signature="test(java.lang.String)[pri:0, instance:FrameworkEx.Ex2.KeywordEx1@459e9125]" started-at="2026-07-15T08:51:15 IST" name="test" data-provider="tops" finished-at="2026-07-15T08:51:17 IST" duration-ms="2357" status="PASS">
          <params>
            <param index="0">
              <value>
                <![CDATA[enter url]]>
              </value>
            </param>
          </params>
          <reporter-output>
          </reporter-output>
        </test-method> <!-- test -->
        <test-method signature="test(java.lang.String)[pri:0, instance:FrameworkEx.Ex2.KeywordEx1@459e9125]" started-at="2026-07-15T08:51:17 IST" name="test" data-provider="tops" finished-at="2026-07-15T08:51:19 IST" duration-ms="2070" status="PASS">
          <params>
            <param index="0">
              <value>
                <![CDATA[enter username]]>
              </value>
            </param>
          </params>
          <reporter-output>
          </reporter-output>
        </test-method> <!-- test -->
        <test-method signature="test(java.lang.String)[pri:0, instance:FrameworkEx.Ex2.KeywordEx1@459e9125]" started-at="2026-07-15T08:51:19 IST" name="test" data-provider="tops" finished-at="2026-07-15T08:51:22 IST" duration-ms="2050" status="PASS">
          <params>
            <param index="0">
              <value>
                <![CDATA[enter password]]>
              </value>
            </param>
          </params>
          <reporter-output>
          </reporter-output>
        </test-method> <!-- test -->
        <test-method signature="test(java.lang.String)[pri:0, instance:FrameworkEx.Ex2.KeywordEx1@459e9125]" started-at="2026-07-15T08:51:22 IST" name="test" data-provider="tops" finished-at="2026-07-15T08:51:24 IST" duration-ms="2098" status="PASS">
          <params>
            <param index="0">
              <value>
                <![CDATA[click login]]>
              </value>
            </param>
          </params>
          <reporter-output>
          </reporter-output>
        </test-method> <!-- test -->
        <test-method signature="test(java.lang.String)[pri:0, instance:FrameworkEx.Ex2.KeywordEx1@459e9125]" started-at="2026-07-15T08:51:24 IST" name="test" data-provider="tops" finished-at="2026-07-15T08:51:26 IST" duration-ms="2048" status="PASS">
          <params>
            <param index="0">
              <value>
                <![CDATA[click sidemenu]]>
              </value>
            </param>
          </params>
          <reporter-output>
          </reporter-output>
        </test-method> <!-- test -->
        <test-method signature="test(java.lang.String)[pri:0, instance:FrameworkEx.Ex2.KeywordEx1@459e9125]" started-at="2026-07-15T08:51:26 IST" name="test" data-provider="tops" finished-at="2026-07-15T08:51:28 IST" duration-ms="2055" status="PASS">
          <params>
            <param index="0">
              <value>
                <![CDATA[click logout]]>
              </value>
            </param>
          </params>
          <reporter-output>
          </reporter-output>
        </test-method> <!-- test -->
        <test-method signature="test(java.lang.String)[pri:0, instance:FrameworkEx.Ex2.KeywordEx1@459e9125]" started-at="2026-07-15T08:51:28 IST" name="test" data-provider="tops" finished-at="2026-07-15T08:51:28 IST" duration-ms="94" status="PASS">
          <params>
            <param index="0">
              <value>
                <![CDATA[close browser]]>
              </value>
            </param>
          </params>
          <reporter-output>
          </reporter-output>
        </test-method> <!-- test -->
      </class> <!-- FrameworkEx.Ex2.KeywordEx1 -->
    </test> <!-- Default test -->
  </suite> <!-- Default suite -->
</testng-results>
