<?xml version="1.0" encoding="UTF-8"?>
<!-- Generated by org.testng.reporters.JUnitXMLReporter -->
<testsuite ignored="0" hostname="DESKTOP-03HQKCE" failures="0" tests="8" name="Default test" time="14.477" errors="0" timestamp="2026-07-15T08:51:28 IST">
  <testcase classname="FrameworkEx.Ex2.KeywordEx1" name="test" time="1.186"/>
  <testcase classname="FrameworkEx.Ex2.KeywordEx1" name="test" time="2.357"/>
  <testcase classname="FrameworkEx.Ex2.KeywordEx1" name="test" time="2.07"/>
  <testcase classname="FrameworkEx.Ex2.KeywordEx1" name="test" time="2.05"/>
  <testcase classname="FrameworkEx.Ex2.KeywordEx1" name="test" time="2.098"/>
  <testcase classname="FrameworkEx.Ex2.KeywordEx1" name="test" time="2.048"/>
  <testcase classname="FrameworkEx.Ex2.KeywordEx1" name="test" time="2.055"/>
  <testcase classname="FrameworkEx.Ex2.KeywordEx1" name="test" time="0.094"/>
</testsuite> <!-- Default test -->
