<?xml version="1.0" encoding="UTF-8"?>
<testng-results ignored="0" total="3" passed="2" failed="1" skipped="0">
  <reporter-output>
  </reporter-output>
  <suite started-at="2026-07-27T08:55:08 IST" name="Default suite" finished-at="2026-07-27T08:55:27 IST" duration-ms="18712">
    <groups>
    </groups>
    <test started-at="2026-07-27T08:55:08 IST" name="Default test" finished-at="2026-07-27T08:55:27 IST" duration-ms="18712">
      <class name="Demoblaze.DemoblazeEx.OpenPage">
        <test-method signature="test(java.lang.String,java.lang.String)[pri:0, instance:Demoblaze.DemoblazeEx.OpenPage@6302bbb1]" started-at="2026-07-27T08:55:09 IST" name="test" data-provider="open" finished-at="2026-07-27T08:55:14 IST" duration-ms="4799" status="PASS">
          <params>
            <param index="0">
              <value>
                <![CDATA[enter url]]>
              </value>
            </param>
            <param index="1">
              <value>
                <![CDATA[https://www.demoblaze.com/]]>
              </value>
            </param>
          </params>
          <reporter-output>
          </reporter-output>
        </test-method> <!-- test -->
        <test-method signature="test(java.lang.String,java.lang.String)[pri:0, instance:Demoblaze.DemoblazeEx.OpenPage@6302bbb1]" started-at="2026-07-27T08:55:14 IST" name="test" data-provider="open" finished-at="2026-07-27T08:55:17 IST" duration-ms="3432" status="PASS">
          <params>
            <param index="0">
              <value>
                <![CDATA[home]]>
              </value>
            </param>
            <param index="1">
              <value>
                <![CDATA[click]]>
              </value>
            </param>
          </params>
          <reporter-output>
          </reporter-output>
        </test-method> <!-- test -->
        <test-method signature="test(java.lang.String,java.lang.String)[pri:0, instance:Demoblaze.DemoblazeEx.OpenPage@6302bbb1]" started-at="2026-07-27T08:55:17 IST" name="test" data-provider="open" finished-at="2026-07-27T08:55:27 IST" duration-ms="9912" status="FAIL">
          <params>
            <param index="0">
              <value>
                <![CDATA[signup]]>
              </value>
            </param>
            <param index="1">
              <value>
                <![CDATA[click]]>
              </value>
            </param>
          </params>
          <exception class="java.io.FileNotFoundException">
            <message>
              <![CDATA[D:\Demoblaze.xlsx (The process cannot access the file because it is being used by another process)]]>
            </message>
            <full-stacktrace>
              <![CDATA[java.io.FileNotFoundException: D:\Demoblaze.xlsx (The process cannot access the file because it is being used by another process)
at java.base/java.io.FileOutputStream.open0(Native Method)
at java.base/java.io.FileOutputStream.open(FileOutputStream.java:289)
at java.base/java.io.FileOutputStream.<init>(FileOutputStream.java:230)
at java.base/java.io.FileOutputStream.<init>(FileOutputStream.java:179)
at org.apache.poi.openxml4j.opc.internal.FileHelper.copyFile(FileHelper.java:65)
at org.apache.poi.openxml4j.opc.ZipPackage.closeImpl(ZipPackage.java:523)
at org.apache.poi.openxml4j.opc.OPCPackage.close(OPCPackage.java:502)
at org.apache.poi.ooxml.POIXMLDocument.close(POIXMLDocument.java:189)
at org.apache.poi.xssf.usermodel.XSSFWorkbook.close(XSSFWorkbook.java:640)
at Demoblaze.DemoblazeEx.SignupPage.signupTest(SignupPage.java:73)
at Demoblaze.DemoblazeEx.OpenPage.test(OpenPage.java:73)
at java.base/jdk.internal.reflect.DirectMethodHandleAccessor.invoke(DirectMethodHandleAccessor.java:103)
at java.base/java.lang.reflect.Method.invoke(Method.java:580)
at org.testng.internal.invokers.MethodInvocationHelper.invokeMethod(MethodInvocationHelper.java:139)
at org.testng.internal.invokers.TestInvoker.invokeMethod(TestInvoker.java:677)
at org.testng.internal.invokers.TestInvoker.invokeTestMethod(TestInvoker.java:221)
at org.testng.internal.invokers.MethodRunner.runInSequence(MethodRunner.java:50)
at org.testng.internal.invokers.TestInvoker$MethodInvocationAgent.invoke(TestInvoker.java:969)
at org.testng.internal.invokers.TestInvoker.invokeTestMethods(TestInvoker.java:194)
at org.testng.internal.invokers.TestMethodWorker.invokeTestMethods(TestMethodWorker.java:148)
at org.testng.internal.invokers.TestMethodWorker.run(TestMethodWorker.java:128)
at java.base/java.util.ArrayList.forEach(ArrayList.java:1596)
at org.testng.TestRunner.privateRun(TestRunner.java:829)
at org.testng.TestRunner.run(TestRunner.java:602)
at org.testng.SuiteRunner.runTest(SuiteRunner.java:437)
at org.testng.SuiteRunner.runSequentially(SuiteRunner.java:431)
at org.testng.SuiteRunner.privateRun(SuiteRunner.java:391)
at org.testng.SuiteRunner.run(SuiteRunner.java:330)
at org.testng.SuiteRunnerWorker.runSuite(SuiteRunnerWorker.java:52)
at org.testng.SuiteRunnerWorker.run(SuiteRunnerWorker.java:95)
at org.testng.TestNG.runSuitesSequentially(TestNG.java:1256)
at org.testng.TestNG.runSuitesLocally(TestNG.java:1176)
at org.testng.TestNG.runSuites(TestNG.java:1099)
at org.testng.TestNG.run(TestNG.java:1067)
at org.testng.remote.AbstractRemoteTestNG.run(AbstractRemoteTestNG.java:115)
at org.testng.remote.RemoteTestNG.initAndRun(RemoteTestNG.java:293)
at org.testng.remote.RemoteTestNG.main(RemoteTestNG.java:91)
]]>
            </full-stacktrace>
          </exception> <!-- java.io.FileNotFoundException -->
          <reporter-output>
          </reporter-output>
        </test-method> <!-- test -->
      </class> <!-- Demoblaze.DemoblazeEx.OpenPage -->
    </test> <!-- Default test -->
  </suite> <!-- Default suite -->
</testng-results>
