<?xml version="1.0" encoding="UTF-8"?>
<!-- Generated by org.testng.reporters.JUnitReportReporter -->
<testsuite hostname="DESKTOP-03HQKCE" failures="0" tests="6" name="eshop.Payment" time="0.005" errors="0" timestamp="2026-07-13T08:31:12 IST" skipped="0">
  <testcase classname="eshop.Payment" name="debitCard" time="0.001"/>
  <testcase classname="eshop.Payment" name="creditCard" time="0.001"/>
  <testcase classname="eshop.Payment" name="cod" time="0.001"/>
  <testcase classname="eshop.Payment" name="creditCard" time="0.001"/>
  <testcase classname="eshop.Payment" name="cod" time="0.000"/>
  <testcase classname="eshop.Payment" name="debitCard" time="0.001"/>
</testsuite> <!-- eshop.Payment -->
