<?xml version="1.0" encoding="UTF-8"?>
<!-- Generated by org.testng.reporters.JUnitReportReporter -->
<testsuite hostname="DESKTOP-03HQKCE" failures="0" tests="3" name="dependency.DemoTest" time="0.012" errors="0" timestamp="2026-07-08T08:30:07 IST" skipped="0">
  <testcase classname="dependency.DemoTest" name="test2" time="0.001"/>
  <testcase classname="dependency.DemoTest" name="test1" time="0.010"/>
  <testcase classname="dependency.DemoTest" name="test3" time="0.001"/>
</testsuite> <!-- dependency.DemoTest -->
