<?xml version="1.0" encoding="UTF-8"?>
<testng-results ignored="0" total="1" passed="1" failed="0" skipped="0">
  <reporter-output>
  </reporter-output>
  <suite started-at="2026-07-08T08:42:59 IST" name="Suite" finished-at="2026-07-08T08:43:01 IST" duration-ms="2763">
    <groups>
    </groups>
    <test started-at="2026-07-08T08:42:59 IST" name="Test" finished-at="2026-07-08T08:43:01 IST" duration-ms="2763">
      <class name="parameters.LoginTest">
        <test-method signature="login(java.lang.String,java.lang.String)[pri:0, instance:parameters.LoginTest@18078bef]" started-at="2026-07-08T08:42:59 IST" name="login" finished-at="2026-07-08T08:43:01 IST" duration-ms="2734" status="PASS">
          <params>
            <param index="0">
              <value>
                <![CDATA[tech]]>
              </value>
            </param>
            <param index="1">
              <value>
                <![CDATA[12345]]>
              </value>
            </param>
          </params>
          <reporter-output>
          </reporter-output>
        </test-method> <!-- login -->
      </class> <!-- parameters.LoginTest -->
    </test> <!-- Test -->
  </suite> <!-- Suite -->
</testng-results>
