<?xml version="1.0" encoding="UTF-8"?>
<!-- Generated by org.testng.reporters.JUnitXMLReporter -->
<testsuite ignored="5" hostname="DESKTOP-03HQKCE" failures="0" tests="2" name="sanity" time="0.007" errors="0" timestamp="2026-07-13T08:29:04 IST">
  <testcase classname="eshop.Payment" name="cod" time="0.001"/>
  <testcase classname="eshop.Cart" name="removeItem" time="0.001"/>
  <testcase classname="eshop.Payment" name="debitCard" time="0.0">
    <ignored/>
  </testcase> <!-- debitCard -->
  <testcase classname="eshop.Home" name="logout" time="0.0">
    <ignored/>
  </testcase> <!-- logout -->
  <testcase classname="eshop.Cart" name="editItem" time="0.0">
    <ignored/>
  </testcase> <!-- editItem -->
  <testcase classname="eshop.Payment" name="creditCard" time="0.0">
    <ignored/>
  </testcase> <!-- creditCard -->
  <testcase classname="eshop.Home" name="login" time="0.0">
    <ignored/>
  </testcase> <!-- login -->
</testsuite> <!-- sanity -->
