<?xml version="1.0" encoding="UTF-8"?>
<!-- Generated by org.testng.reporters.JUnitXMLReporter -->
<testsuite ignored="4" hostname="DESKTOP-03HQKCE" failures="1" tests="3" name="smoke" time="0.077" errors="0" timestamp="2026-07-13T08:29:04 IST">
  <testcase classname="eshop.Home" name="login" time="0.017">
    <failure type="java.lang.AssertionError" message="expected [false] but found [true]">
      <![CDATA[java.lang.AssertionError: expected [false] but found [true]
at eshop.Home.login(Home.java:20)
at java.base/java.util.ArrayList.forEach(ArrayList.java:1596)
... Removed 29 stack frames]]>
    </failure>
  </testcase> <!-- login -->
  <testcase classname="eshop.Payment" name="creditCard" time="0.002"/>
  <testcase classname="eshop.Cart" name="editItem" time="0.002"/>
  <testcase classname="eshop.Cart" name="removeItem" time="0.0">
    <ignored/>
  </testcase> <!-- removeItem -->
  <testcase classname="eshop.Home" name="logout" time="0.0">
    <ignored/>
  </testcase> <!-- logout -->
  <testcase classname="eshop.Payment" name="cod" time="0.0">
    <ignored/>
  </testcase> <!-- cod -->
  <testcase classname="eshop.Payment" name="debitCard" time="0.0">
    <ignored/>
  </testcase> <!-- debitCard -->
</testsuite> <!-- smoke -->
