<?xml version="1.0" encoding="UTF-8"?>
<!-- Generated by org.testng.reporters.JUnitXMLReporter -->
<testsuite ignored="0" hostname="DESKTOP-03HQKCE" failures="1" tests="2" name="Test" time="0.048" errors="0" timestamp="2026-07-13T08:47:08 IST">
  <testcase classname="listener.Demo" name="test1" time="0.008"/>
  <testcase classname="listener.Demo" name="test2" time="0.005">
    <failure type="java.lang.AssertionError" message="expected [false] but found [true]">
      <![CDATA[java.lang.AssertionError: expected [false] but found [true]
at listener.Demo.test2(Demo.java:18)
at java.base/java.util.ArrayList.forEach(ArrayList.java:1596)
... Removed 29 stack frames]]>
    </failure>
  </testcase> <!-- test2 -->
</testsuite> <!-- Test -->
