<?xml version="1.0" encoding="UTF-8"?>
<!-- Generated by org.testng.reporters.JUnitXMLReporter -->
<testsuite ignored="0" hostname="DESKTOP-03HQKCE" failures="0" tests="5" name="Test2" time="0.013" errors="0" timestamp="2026-07-13T08:31:11 IST">
  <testcase classname="eshop.Payment" name="cod" time="0.0"/>
  <testcase classname="eshop.Payment" name="creditCard" time="0.001"/>
  <testcase classname="eshop.Payment" name="debitCard" time="0.001"/>
  <testcase classname="eshop.Cart" name="editItem" time="0.001"/>
  <testcase classname="eshop.Cart" name="removeItem" time="0.001"/>
</testsuite> <!-- Test2 -->
